# JRE version: OpenJDK Runtime Environment (8.0_112-b06) (build 1.8.0_112-release-b06)
# Java VM: OpenJDK 64-Bit Server VM (25.112-b06 mixed mode windows-amd64 compressed oops)
Heap:
 PSYoungGen      total 99840K, used 96453K [0x00000000eab00000, 0x00000000f2c00000, 0x0000000100000000)
  eden space 87552K, 96% used [0x00000000eab00000,0x00000000efd380e8,0x00000000f0080000)
  from space 12288K, 99% used [0x00000000f2000000,0x00000000f2bf9370,0x00000000f2c00000)
  to   space 10752K, 0% used [0x00000000f0080000,0x00000000f0080000,0x00000000f0b00000)
 ParOldGen       total 95232K, used 20178K [0x00000000c0000000, 0x00000000c5d00000, 0x00000000eab00000)
  object space 95232K, 21% used [0x00000000c0000000,0x00000000c13b4bd0,0x00000000c5d00000)
 Metaspace       used 51654K, capacity 53434K, committed 53632K, reserved 1095680K
  class space    used 7073K, capacity 7504K, committed 7552K, reserved 1048576K
GC Heap History (10 events):
Event: 9.769 GC heap before
{Heap before GC invocations=10 (full 1):
 PSYoungGen      total 74752K, used 17865K [0x00000000eab00000, 0x00000000eff80000, 0x0000000100000000)
  eden space 64000K, 13% used [0x00000000eab00000,0x00000000eb354e30,0x00000000ee980000)
  from space 10752K, 86% used [0x00000000ef500000,0x00000000efe1d8d8,0x00000000eff80000)
  to   space 11264K, 0% used [0x00000000ee980000,0x00000000ee980000,0x00000000ef480000)
 ParOldGen       total 68608K, used 9709K [0x00000000c0000000, 0x00000000c4300000, 0x00000000eab00000)
  object space 68608K, 14% used [0x00000000c0000000,0x00000000c097b610,0x00000000c4300000)
 Metaspace       used 34548K, capacity 35360K, committed 35496K, reserved 1079296K
  class space    used 4649K, capacity 4852K, committed 4864K, reserved 1048576K
Event: 9.800 GC heap after
Heap after GC invocations=10 (full 1):
 PSYoungGen      total 75264K, used 7269K [0x00000000eab00000, 0x00000000f1a00000, 0x0000000100000000)
  eden space 64000K, 0% used [0x00000000eab00000,0x00000000eab00000,0x00000000ee980000)
  from space 11264K, 64% used [0x00000000ee980000,0x00000000ef099658,0x00000000ef480000)
  to   space 11264K, 0% used [0x00000000f0f00000,0x00000000f0f00000,0x00000000f1a00000)
 ParOldGen       total 68608K, used 9709K [0x00000000c0000000, 0x00000000c4300000, 0x00000000eab00000)
  object space 68608K, 14% used [0x00000000c0000000,0x00000000c097b610,0x00000000c4300000)
 Metaspace       used 34548K, capacity 35360K, committed 35496K, reserved 1079296K
  class space    used 4649K, capacity 4852K, committed 4864K, reserved 1048576K
}
Event: 9.800 GC heap before
{Heap before GC invocations=11 (full 2):
 PSYoungGen      total 75264K, used 7269K [0x00000000eab00000, 0x00000000f1a00000, 0x0000000100000000)
  eden space 64000K, 0% used [0x00000000eab00000,0x00000000eab00000,0x00000000ee980000)
  from space 11264K, 64% used [0x00000000ee980000,0x00000000ef099658,0x00000000ef480000)
  to   space 11264K, 0% used [0x00000000f0f00000,0x00000000f0f00000,0x00000000f1a00000)
 ParOldGen       total 68608K, used 9709K [0x00000000c0000000, 0x00000000c4300000, 0x00000000eab00000)
  object space 68608K, 14% used [0x00000000c0000000,0x00000000c097b610,0x00000000c4300000)
 Metaspace       used 34548K, capacity 35360K, committed 35496K, reserved 1079296K
  class space    used 4649K, capacity 4852K, committed 4864K, reserved 1048576K
Event: 10.050 GC heap after
Heap after GC invocations=11 (full 2):
 PSYoungGen      total 75264K, used 0K [0x00000000eab00000, 0x00000000f1a00000, 0x0000000100000000)
  eden space 64000K, 0% used [0x00000000eab00000,0x00000000eab00000,0x00000000ee980000)
  from space 11264K, 0% used [0x00000000ee980000,0x00000000ee980000,0x00000000ef480000)
  to   space 11264K, 0% used [0x00000000f0f00000,0x00000000f0f00000,0x00000000f1a00000)
 ParOldGen       total 95232K, used 14032K [0x00000000c0000000, 0x00000000c5d00000, 0x00000000eab00000)
  object space 95232K, 14% used [0x00000000c0000000,0x00000000c0db4050,0x00000000c5d00000)
 Metaspace       used 34548K, capacity 35360K, committed 35496K, reserved 1079296K
  class space    used 4649K, capacity 4852K, committed 4864K, reserved 1048576K
}
Event: 11.169 GC heap before
{Heap before GC invocations=12 (full 2):
 PSYoungGen      total 75264K, used 64000K [0x00000000eab00000, 0x00000000f1a00000, 0x0000000100000000)
  eden space 64000K, 100% used [0x00000000eab00000,0x00000000ee980000,0x00000000ee980000)
  from space 11264K, 0% used [0x00000000ee980000,0x00000000ee980000,0x00000000ef480000)
  to   space 11264K, 0% used [0x00000000f0f00000,0x00000000f0f00000,0x00000000f1a00000)
 ParOldGen       total 95232K, used 14032K [0x00000000c0000000, 0x00000000c5d00000, 0x00000000eab00000)
  object space 95232K, 14% used [0x00000000c0000000,0x00000000c0db4050,0x00000000c5d00000)
 Metaspace       used 37746K, capacity 38614K, committed 38912K, reserved 1083392K
  class space    used 5025K, capacity 5261K, committed 5376K, reserved 1048576K
Event: 11.179 GC heap after
Heap after GC invocations=12 (full 2):
 PSYoungGen      total 90624K, used 6278K [0x00000000eab00000, 0x00000000f1580000, 0x0000000100000000)
  eden space 83968K, 0% used [0x00000000eab00000,0x00000000eab00000,0x00000000efd00000)
  from space 6656K, 94% used [0x00000000f0f00000,0x00000000f1521958,0x00000000f1580000)
  to   space 10752K, 0% used [0x00000000f0080000,0x00000000f0080000,0x00000000f0b00000)
 ParOldGen       total 95232K, used 14040K [0x00000000c0000000, 0x00000000c5d00000, 0x00000000eab00000)
  object space 95232K, 14% used [0x00000000c0000000,0x00000000c0db6050,0x00000000c5d00000)
 Metaspace       used 37746K, capacity 38614K, committed 38912K, reserved 1083392K
  class space    used 5025K, capacity 5261K, committed 5376K, reserved 1048576K
}
Event: 12.899 GC heap before
{Heap before GC invocations=13 (full 2):
 PSYoungGen      total 90624K, used 90246K [0x00000000eab00000, 0x00000000f1580000, 0x0000000100000000)
  eden space 83968K, 100% used [0x00000000eab00000,0x00000000efd00000,0x00000000efd00000)
  from space 6656K, 94% used [0x00000000f0f00000,0x00000000f1521958,0x00000000f1580000)
  to   space 10752K, 0% used [0x00000000f0080000,0x00000000f0080000,0x00000000f0b00000)
 ParOldGen       total 95232K, used 14040K [0x00000000c0000000, 0x00000000c5d00000, 0x00000000eab00000)
  object space 95232K, 14% used [0x00000000c0000000,0x00000000c0db6050,0x00000000c5d00000)
 Metaspace       used 43997K, capacity 44990K, committed 45184K, reserved 1087488K
  class space    used 5935K, capacity 6223K, committed 6272K, reserved 1048576K
Event: 12.913 GC heap after
Heap after GC invocations=13 (full 2):
 PSYoungGen      total 98304K, used 10737K [0x00000000eab00000, 0x00000000f2c00000, 0x0000000100000000)
  eden space 87552K, 0% used [0x00000000eab00000,0x00000000eab00000,0x00000000f0080000)
  from space 10752K, 99% used [0x00000000f0080000,0x00000000f0afc560,0x00000000f0b00000)
  to   space 12288K, 0% used [0x00000000f2000000,0x00000000f2000000,0x00000000f2c00000)
 ParOldGen       total 95232K, used 15299K [0x00000000c0000000, 0x00000000c5d00000, 0x00000000eab00000)
  object space 95232K, 16% used [0x00000000c0000000,0x00000000c0ef0d78,0x00000000c5d00000)
 Metaspace       used 43997K, capacity 44990K, committed 45184K, reserved 1087488K
  class space    used 5935K, capacity 6223K, committed 6272K, reserved 1048576K
}
Event: 14.866 GC heap before
{Heap before GC invocations=14 (full 2):
 PSYoungGen      total 98304K, used 98289K [0x00000000eab00000, 0x00000000f2c00000, 0x0000000100000000)
  eden space 87552K, 100% used [0x00000000eab00000,0x00000000f0080000,0x00000000f0080000)
  from space 10752K, 99% used [0x00000000f0080000,0x00000000f0afc560,0x00000000f0b00000)
  to   space 12288K, 0% used [0x00000000f2000000,0x00000000f2000000,0x00000000f2c00000)
 ParOldGen       total 95232K, used 15299K [0x00000000c0000000, 0x00000000c5d00000, 0x00000000eab00000)
  object space 95232K, 16% used [0x00000000c0000000,0x00000000c0ef0d78,0x00000000c5d00000)
 Metaspace       used 48405K, capacity 49968K, committed 50304K, reserved 1093632K
  class space    used 6578K, capacity 6921K, committed 7040K, reserved 1048576K
Event: 14.893 GC heap after
Heap after GC invocations=14 (full 2):
 PSYoungGen      total 99840K, used 12260K [0x00000000eab00000, 0x00000000f2c00000, 0x0000000100000000)
  eden space 87552K, 0% used [0x00000000eab00000,0x00000000eab00000,0x00000000f0080000)
  from space 12288K, 99% used [0x00000000f2000000,0x00000000f2bf9370,0x00000000f2c00000)
  to   space 10752K, 0% used [0x00000000f0080000,0x00000000f0080000,0x00000000f0b00000)
 ParOldGen       total 95232K, used 20178K [0x00000000c0000000, 0x00000000c5d00000, 0x00000000eab00000)
  object space 95232K, 21% used [0x00000000c0000000,0x00000000c13b4bd0,0x00000000c5d00000)
 Metaspace       used 48405K, capacity 49968K, committed 50304K, reserved 1093632K
  class space    used 6578K, capacity 6921K, committed 7040K, reserved 1048576K
}

