# JRE version: OpenJDK Runtime Environment (8.0_112-b06) (build 1.8.0_112-release-b06)
# Java VM: OpenJDK 64-Bit Server VM (25.112-b06 mixed mode windows-amd64 compressed oops)
Heap:
 PSYoungGen      total 102912K, used 51403K [0x00000000eab00000, 0x00000000f1d80000, 0x0000000100000000)
  eden space 95744K, 46% used [0x00000000eab00000,0x00000000ed6a4990,0x00000000f0880000)
  from space 7168K, 93% used [0x00000000f1680000,0x00000000f1d0e4b0,0x00000000f1d80000)
  to   space 10752K, 0% used [0x00000000f0880000,0x00000000f0880000,0x00000000f1300000)
 ParOldGen       total 68608K, used 13797K [0x00000000c0000000, 0x00000000c4300000, 0x00000000eab00000)
  object space 68608K, 20% used [0x00000000c0000000,0x00000000c0d79418,0x00000000c4300000)
 Metaspace       used 40897K, capacity 41862K, committed 41984K, reserved 1085440K
  class space    used 5559K, capacity 5803K, committed 5888K, reserved 1048576K
GC Heap History (10 events):
Event: 8.292 GC heap before
{Heap before GC invocations=8 (full 1):
 PSYoungGen      total 58368K, used 53925K [0x00000000eab00000, 0x00000000eee80000, 0x0000000100000000)
  eden space 47616K, 100% used [0x00000000eab00000,0x00000000ed980000,0x00000000ed980000)
  from space 10752K, 58% used [0x00000000ee400000,0x00000000eea29718,0x00000000eee80000)
  to   space 10752K, 0% used [0x00000000ed980000,0x00000000ed980000,0x00000000ee400000)
 ParOldGen       total 68608K, used 9626K [0x00000000c0000000, 0x00000000c4300000, 0x00000000eab00000)
  object space 68608K, 14% used [0x00000000c0000000,0x00000000c0966bd0,0x00000000c4300000)
 Metaspace       used 29980K, capacity 30672K, committed 30720K, reserved 1075200K
  class space    used 4098K, capacity 4314K, committed 4352K, reserved 1048576K
Event: 8.310 GC heap after
Heap after GC invocations=8 (full 1):
 PSYoungGen      total 58368K, used 7122K [0x00000000eab00000, 0x00000000f0400000, 0x0000000100000000)
  eden space 47616K, 0% used [0x00000000eab00000,0x00000000eab00000,0x00000000ed980000)
  from space 10752K, 66% used [0x00000000ed980000,0x00000000ee074910,0x00000000ee400000)
  to   space 10752K, 0% used [0x00000000ef980000,0x00000000ef980000,0x00000000f0400000)
 ParOldGen       total 68608K, used 9626K [0x00000000c0000000, 0x00000000c4300000, 0x00000000eab00000)
  object space 68608K, 14% used [0x00000000c0000000,0x00000000c0966bd0,0x00000000c4300000)
 Metaspace       used 29980K, capacity 30672K, committed 30720K, reserved 1075200K
  class space    used 4098K, capacity 4314K, committed 4352K, reserved 1048576K
}
Event: 10.020 GC heap before
{Heap before GC invocations=9 (full 1):
 PSYoungGen      total 58368K, used 54738K [0x00000000eab00000, 0x00000000f0400000, 0x0000000100000000)
  eden space 47616K, 100% used [0x00000000eab00000,0x00000000ed980000,0x00000000ed980000)
  from space 10752K, 66% used [0x00000000ed980000,0x00000000ee074910,0x00000000ee400000)
  to   space 10752K, 0% used [0x00000000ef980000,0x00000000ef980000,0x00000000f0400000)
 ParOldGen       total 68608K, used 9626K [0x00000000c0000000, 0x00000000c4300000, 0x00000000eab00000)
  object space 68608K, 14% used [0x00000000c0000000,0x00000000c0966bd0,0x00000000c4300000)
 Metaspace       used 34100K, capacity 34836K, committed 35072K, reserved 1079296K
  class space    used 4578K, capacity 4788K, committed 4864K, reserved 1048576K
Event: 10.036 GC heap after
Heap after GC invocations=9 (full 1):
 PSYoungGen      total 79360K, used 9670K [0x00000000eab00000, 0x00000000f0500000, 0x0000000100000000)
  eden space 68608K, 0% used [0x00000000eab00000,0x00000000eab00000,0x00000000eee00000)
  from space 10752K, 89% used [0x00000000ef980000,0x00000000f02f1ae8,0x00000000f0400000)
  to   space 11776K, 0% used [0x00000000eee00000,0x00000000eee00000,0x00000000ef980000)
 ParOldGen       total 68608K, used 9698K [0x00000000c0000000, 0x00000000c4300000, 0x00000000eab00000)
  object space 68608K, 14% used [0x00000000c0000000,0x00000000c0978be0,0x00000000c4300000)
 Metaspace       used 34100K, capacity 34836K, committed 35072K, reserved 1079296K
  class space    used 4578K, capacity 4788K, committed 4864K, reserved 1048576K
}
Event: 10.118 GC heap before
{Heap before GC invocations=10 (full 1):
 PSYoungGen      total 79360K, used 16229K [0x00000000eab00000, 0x00000000f0500000, 0x0000000100000000)
  eden space 68608K, 9% used [0x00000000eab00000,0x00000000eb1679f8,0x00000000eee00000)
  from space 10752K, 89% used [0x00000000ef980000,0x00000000f02f1ae8,0x00000000f0400000)
  to   space 11776K, 0% used [0x00000000eee00000,0x00000000eee00000,0x00000000ef980000)
 ParOldGen       total 68608K, used 9698K [0x00000000c0000000, 0x00000000c4300000, 0x00000000eab00000)
  object space 68608K, 14% used [0x00000000c0000000,0x00000000c0978be0,0x00000000c4300000)
 Metaspace       used 34579K, capacity 35316K, committed 35456K, reserved 1079296K
  class space    used 4665K, capacity 4884K, committed 4992K, reserved 1048576K
Event: 10.129 GC heap after
Heap after GC invocations=10 (full 1):
 PSYoungGen      total 80384K, used 7056K [0x00000000eab00000, 0x00000000f2180000, 0x0000000100000000)
  eden space 68608K, 0% used [0x00000000eab00000,0x00000000eab00000,0x00000000eee00000)
  from space 11776K, 59% used [0x00000000eee00000,0x00000000ef4e4020,0x00000000ef980000)
  to   space 11264K, 0% used [0x00000000f1680000,0x00000000f1680000,0x00000000f2180000)
 ParOldGen       total 68608K, used 9698K [0x00000000c0000000, 0x00000000c4300000, 0x00000000eab00000)
  object space 68608K, 14% used [0x00000000c0000000,0x00000000c0978be0,0x00000000c4300000)
 Metaspace       used 34579K, capacity 35316K, committed 35456K, reserved 1079296K
  class space    used 4665K, capacity 4884K, committed 4992K, reserved 1048576K
}
Event: 10.129 GC heap before
{Heap before GC invocations=11 (full 2):
 PSYoungGen      total 80384K, used 7056K [0x00000000eab00000, 0x00000000f2180000, 0x0000000100000000)
  eden space 68608K, 0% used [0x00000000eab00000,0x00000000eab00000,0x00000000eee00000)
  from space 11776K, 59% used [0x00000000eee00000,0x00000000ef4e4020,0x00000000ef980000)
  to   space 11264K, 0% used [0x00000000f1680000,0x00000000f1680000,0x00000000f2180000)
 ParOldGen       total 68608K, used 9698K [0x00000000c0000000, 0x00000000c4300000, 0x00000000eab00000)
  object space 68608K, 14% used [0x00000000c0000000,0x00000000c0978be0,0x00000000c4300000)
 Metaspace       used 34579K, capacity 35316K, committed 35456K, reserved 1079296K
  class space    used 4665K, capacity 4884K, committed 4992K, reserved 1048576K
Event: 10.220 GC heap after
Heap after GC invocations=11 (full 2):
 PSYoungGen      total 80384K, used 0K [0x00000000eab00000, 0x00000000f2180000, 0x0000000100000000)
  eden space 68608K, 0% used [0x00000000eab00000,0x00000000eab00000,0x00000000eee00000)
  from space 11776K, 0% used [0x00000000eee00000,0x00000000eee00000,0x00000000ef980000)
  to   space 11264K, 0% used [0x00000000f1680000,0x00000000f1680000,0x00000000f2180000)
 ParOldGen       total 68608K, used 13789K [0x00000000c0000000, 0x00000000c4300000, 0x00000000eab00000)
  object space 68608K, 20% used [0x00000000c0000000,0x00000000c0d77418,0x00000000c4300000)
 Metaspace       used 34579K, capacity 35316K, committed 35456K, reserved 1079296K
  class space    used 4665K, capacity 4884K, committed 4992K, reserved 1048576K
}
Event: 11.089 GC heap before
{Heap before GC invocations=12 (full 2):
 PSYoungGen      total 80384K, used 68608K [0x00000000eab00000, 0x00000000f2180000, 0x0000000100000000)
  eden space 68608K, 100% used [0x00000000eab00000,0x00000000eee00000,0x00000000eee00000)
  from space 11776K, 0% used [0x00000000eee00000,0x00000000eee00000,0x00000000ef980000)
  to   space 11264K, 0% used [0x00000000f1680000,0x00000000f1680000,0x00000000f2180000)
 ParOldGen       total 68608K, used 13789K [0x00000000c0000000, 0x00000000c4300000, 0x00000000eab00000)
  object space 68608K, 20% used [0x00000000c0000000,0x00000000c0d77418,0x00000000c4300000)
 Metaspace       used 38059K, capacity 38932K, committed 39168K, reserved 1083392K
  class space    used 5089K, capacity 5328K, committed 5376K, reserved 1048576K
Event: 11.097 GC heap after
Heap after GC invocations=12 (full 2):
 PSYoungGen      total 102912K, used 6713K [0x00000000eab00000, 0x00000000f1d80000, 0x0000000100000000)
  eden space 95744K, 0% used [0x00000000eab00000,0x00000000eab00000,0x00000000f0880000)
  from space 7168K, 93% used [0x00000000f1680000,0x00000000f1d0e4b0,0x00000000f1d80000)
  to   space 10752K, 0% used [0x00000000f0880000,0x00000000f0880000,0x00000000f1300000)
 ParOldGen       total 68608K, used 13797K [0x00000000c0000000, 0x00000000c4300000, 0x00000000eab00000)
  object space 68608K, 20% used [0x00000000c0000000,0x00000000c0d79418,0x00000000c4300000)
 Metaspace       used 38059K, capacity 38932K, committed 39168K, reserved 1083392K
  class space    used 5089K, capacity 5328K, committed 5376K, reserved 1048576K
}

