# JRE version: OpenJDK Runtime Environment (8.0_112-b06) (build 1.8.0_112-release-b06)
# Java VM: OpenJDK 64-Bit Server VM (25.112-b06 mixed mode windows-amd64 compressed oops)
Heap:
 PSYoungGen      total 129024K, used 87648K [0x00000000eab00000, 0x00000000f6800000, 0x0000000100000000)
  eden space 113664K, 63% used [0x00000000eab00000,0x00000000ef19f808,0x00000000f1a00000)
  from space 15360K, 99% used [0x00000000f1a00000,0x00000000f28f88d8,0x00000000f2900000)
  to   space 20992K, 0% used [0x00000000f5380000,0x00000000f5380000,0x00000000f6800000)
 ParOldGen       total 93184K, used 30957K [0x00000000c0000000, 0x00000000c5b00000, 0x00000000eab00000)
  object space 93184K, 33% used [0x00000000c0000000,0x00000000c1e3b620,0x00000000c5b00000)
 Metaspace       used 55563K, capacity 58058K, committed 58112K, reserved 1099776K
  class space    used 7598K, capacity 8167K, committed 8192K, reserved 1048576K
GC Heap History (10 events):
Event: 9.291 GC heap before
{Heap before GC invocations=11 (full 2):
 PSYoungGen      total 77312K, used 7309K [0x00000000eab00000, 0x00000000f1a00000, 0x0000000100000000)
  eden space 66048K, 0% used [0x00000000eab00000,0x00000000eab00000,0x00000000eeb80000)
  from space 11264K, 64% used [0x00000000eeb80000,0x00000000ef2a3718,0x00000000ef680000)
  to   space 10752K, 0% used [0x00000000f0f80000,0x00000000f0f80000,0x00000000f1a00000)
 ParOldGen       total 68096K, used 9724K [0x00000000c0000000, 0x00000000c4280000, 0x00000000eab00000)
  object space 68096K, 14% used [0x00000000c0000000,0x00000000c097f0e8,0x00000000c4280000)
 Metaspace       used 34536K, capacity 35356K, committed 35496K, reserved 1079296K
  class space    used 4648K, capacity 4852K, committed 4864K, reserved 1048576K
Event: 9.400 GC heap after
Heap after GC invocations=11 (full 2):
 PSYoungGen      total 77312K, used 0K [0x00000000eab00000, 0x00000000f1a00000, 0x0000000100000000)
  eden space 66048K, 0% used [0x00000000eab00000,0x00000000eab00000,0x00000000eeb80000)
  from space 11264K, 0% used [0x00000000eeb80000,0x00000000eeb80000,0x00000000ef680000)
  to   space 10752K, 0% used [0x00000000f0f80000,0x00000000f0f80000,0x00000000f1a00000)
 ParOldGen       total 93184K, used 14057K [0x00000000c0000000, 0x00000000c5b00000, 0x00000000eab00000)
  object space 93184K, 15% used [0x00000000c0000000,0x00000000c0dba750,0x00000000c5b00000)
 Metaspace       used 34536K, capacity 35356K, committed 35496K, reserved 1079296K
  class space    used 4648K, capacity 4852K, committed 4864K, reserved 1048576K
}
Event: 10.303 GC heap before
{Heap before GC invocations=12 (full 2):
 PSYoungGen      total 77312K, used 66048K [0x00000000eab00000, 0x00000000f1a00000, 0x0000000100000000)
  eden space 66048K, 100% used [0x00000000eab00000,0x00000000eeb80000,0x00000000eeb80000)
  from space 11264K, 0% used [0x00000000eeb80000,0x00000000eeb80000,0x00000000ef680000)
  to   space 10752K, 0% used [0x00000000f0f80000,0x00000000f0f80000,0x00000000f1a00000)
 ParOldGen       total 93184K, used 14057K [0x00000000c0000000, 0x00000000c5b00000, 0x00000000eab00000)
  object space 93184K, 15% used [0x00000000c0000000,0x00000000c0dba750,0x00000000c5b00000)
 Metaspace       used 37918K, capacity 38708K, committed 38912K, reserved 1083392K
  class space    used 5061K, capacity 5294K, committed 5376K, reserved 1048576K
Event: 10.315 GC heap after
Heap after GC invocations=12 (full 2):
 PSYoungGen      total 95744K, used 6616K [0x00000000eab00000, 0x00000000f1680000, 0x0000000100000000)
  eden space 88576K, 0% used [0x00000000eab00000,0x00000000eab00000,0x00000000f0180000)
  from space 7168K, 92% used [0x00000000f0f80000,0x00000000f15f6030,0x00000000f1680000)
  to   space 10752K, 0% used [0x00000000f0180000,0x00000000f0180000,0x00000000f0c00000)
 ParOldGen       total 93184K, used 14065K [0x00000000c0000000, 0x00000000c5b00000, 0x00000000eab00000)
  object space 93184K, 15% used [0x00000000c0000000,0x00000000c0dbc750,0x00000000c5b00000)
 Metaspace       used 37918K, capacity 38708K, committed 38912K, reserved 1083392K
  class space    used 5061K, capacity 5294K, committed 5376K, reserved 1048576K
}
Event: 11.966 GC heap before
{Heap before GC invocations=13 (full 2):
 PSYoungGen      total 95744K, used 95192K [0x00000000eab00000, 0x00000000f1680000, 0x0000000100000000)
  eden space 88576K, 100% used [0x00000000eab00000,0x00000000f0180000,0x00000000f0180000)
  from space 7168K, 92% used [0x00000000f0f80000,0x00000000f15f6030,0x00000000f1680000)
  to   space 10752K, 0% used [0x00000000f0180000,0x00000000f0180000,0x00000000f0c00000)
 ParOldGen       total 93184K, used 14065K [0x00000000c0000000, 0x00000000c5b00000, 0x00000000eab00000)
  object space 93184K, 15% used [0x00000000c0000000,0x00000000c0dbc750,0x00000000c5b00000)
 Metaspace       used 43968K, capacity 44922K, committed 45184K, reserved 1087488K
  class space    used 5927K, capacity 6159K, committed 6272K, reserved 1048576K
Event: 11.985 GC heap after
Heap after GC invocations=13 (full 2):
 PSYoungGen      total 99328K, used 10727K [0x00000000eab00000, 0x00000000f3500000, 0x0000000100000000)
  eden space 88576K, 0% used [0x00000000eab00000,0x00000000eab00000,0x00000000f0180000)
  from space 10752K, 99% used [0x00000000f0180000,0x00000000f0bf9fe0,0x00000000f0c00000)
  to   space 12288K, 0% used [0x00000000f2900000,0x00000000f2900000,0x00000000f3500000)
 ParOldGen       total 93184K, used 15507K [0x00000000c0000000, 0x00000000c5b00000, 0x00000000eab00000)
  object space 93184K, 16% used [0x00000000c0000000,0x00000000c0f24ef8,0x00000000c5b00000)
 Metaspace       used 43968K, capacity 44922K, committed 45184K, reserved 1087488K
  class space    used 5927K, capacity 6159K, committed 6272K, reserved 1048576K
}
Event: 13.384 GC heap before
{Heap before GC invocations=14 (full 2):
 PSYoungGen      total 99328K, used 99303K [0x00000000eab00000, 0x00000000f3500000, 0x0000000100000000)
  eden space 88576K, 100% used [0x00000000eab00000,0x00000000f0180000,0x00000000f0180000)
  from space 10752K, 99% used [0x00000000f0180000,0x00000000f0bf9fe0,0x00000000f0c00000)
  to   space 12288K, 0% used [0x00000000f2900000,0x00000000f2900000,0x00000000f3500000)
 ParOldGen       total 93184K, used 15507K [0x00000000c0000000, 0x00000000c5b00000, 0x00000000eab00000)
  object space 93184K, 16% used [0x00000000c0000000,0x00000000c0f24ef8,0x00000000c5b00000)
 Metaspace       used 48447K, capacity 50060K, committed 50304K, reserved 1093632K
  class space    used 6589K, capacity 6953K, committed 7040K, reserved 1048576K
Event: 13.420 GC heap after
Heap after GC invocations=14 (full 2):
 PSYoungGen      total 125952K, used 12276K [0x00000000eab00000, 0x00000000f3b80000, 0x0000000100000000)
  eden space 113664K, 0% used [0x00000000eab00000,0x00000000eab00000,0x00000000f1a00000)
  from space 12288K, 99% used [0x00000000f2900000,0x00000000f34fd380,0x00000000f3500000)
  to   space 15360K, 0% used [0x00000000f1a00000,0x00000000f1a00000,0x00000000f2900000)
 ParOldGen       total 93184K, used 20507K [0x00000000c0000000, 0x00000000c5b00000, 0x00000000eab00000)
  object space 93184K, 22% used [0x00000000c0000000,0x00000000c1406ea0,0x00000000c5b00000)
 Metaspace       used 48447K, capacity 50060K, committed 50304K, reserved 1093632K
  class space    used 6589K, capacity 6953K, committed 7040K, reserved 1048576K
}
Event: 15.291 GC heap before
{Heap before GC invocations=15 (full 2):
 PSYoungGen      total 125952K, used 125940K [0x00000000eab00000, 0x00000000f3b80000, 0x0000000100000000)
  eden space 113664K, 100% used [0x00000000eab00000,0x00000000f1a00000,0x00000000f1a00000)
  from space 12288K, 99% used [0x00000000f2900000,0x00000000f34fd380,0x00000000f3500000)
  to   space 15360K, 0% used [0x00000000f1a00000,0x00000000f1a00000,0x00000000f2900000)
 ParOldGen       total 93184K, used 20507K [0x00000000c0000000, 0x00000000c5b00000, 0x00000000eab00000)
  object space 93184K, 22% used [0x00000000c0000000,0x00000000c1406ea0,0x00000000c5b00000)
 Metaspace       used 51790K, capacity 53662K, committed 53760K, reserved 1095680K
  class space    used 7089K, capacity 7587K, committed 7680K, reserved 1048576K
Event: 15.343 GC heap after
Heap after GC invocations=15 (full 2):
 PSYoungGen      total 129024K, used 15330K [0x00000000eab00000, 0x00000000f6800000, 0x0000000100000000)
  eden space 113664K, 0% used [0x00000000eab00000,0x00000000eab00000,0x00000000f1a00000)
  from space 15360K, 99% used [0x00000000f1a00000,0x00000000f28f88d8,0x00000000f2900000)
  to   space 20992K, 0% used [0x00000000f5380000,0x00000000f5380000,0x00000000f6800000)
 ParOldGen       total 93184K, used 30957K [0x00000000c0000000, 0x00000000c5b00000, 0x00000000eab00000)
  object space 93184K, 33% used [0x00000000c0000000,0x00000000c1e3b620,0x00000000c5b00000)
 Metaspace       used 51790K, capacity 53662K, committed 53760K, reserved 1095680K
  class space    used 7089K, capacity 7587K, committed 7680K, reserved 1048576K
}

